2019-10-09 10:53:51,398 [Threader-Githttp.listener-7] ERROR - null
org.zhiqim.zml.exception.StatementException: [/ztmpl/zhiqim_manager/template.htm][第3行],[第1列][<#include>[ZmlEngine.getZml(第495行)]未找到ZML文件[/ztmpl/zhiqim_manager/04_fresh/define.htm]]
	at org.zhiqim.zml.statement._Include.define(_Include.java:112)
	at org.zhiqim.zml.Zml.define(Zml.java:145)
	at org.zhiqim.zml.Zml.process(Zml.java:219)
	at org.zhiqim.zml.Zml.process(Zml.java:181)
	at org.zhiqim.httpd.context.returns.ReturnView.process(ReturnView.java:123)
	at org.zhiqim.httpd.context.returns.ReturnView.process(ReturnView.java:53)
	at org.zhiqim.httpd.context.ZmlExecutor.handleAction(ZmlExecutor.java:312)
	at org.zhiqim.httpd.context.ZmlExecutor.handle(ZmlExecutor.java:99)
	at org.zhiqim.httpd.HttpHeaderAbs.execute(HttpHeaderAbs.java:329)
	at org.zhiqim.httpd.nio.HttpNioConnection.execute(HttpNioConnection.java:180)
	at org.zhiqim.httpd.nio.HttpNioConnection.run(HttpNioConnection.java:163)
	at org.zhiqim.kernel.control.Threader.run(Threader.java:117)
	at java.lang.Thread.run(Thread.java:745)
2019-10-09 11:32:35,975 [Threader-Githttp.listener-5] ERROR - null
org.zhiqim.zml.exception.StatementException: [/ztmpl/zhiqim_manager/template.htm][第5行],[第1列][<#if>[/zview/zhiqim_project/project.zml][第90行],[第47列][${}表达式中有不支持的字符[$]]]
	at org.zhiqim.zml.statement._If.process(_If.java:376)
	at org.zhiqim.zml.StatementParser.processStatementList(StatementParser.java:626)
	at org.zhiqim.zml.Zml.process(Zml.java:225)
	at org.zhiqim.zml.Zml.process(Zml.java:181)
	at org.zhiqim.httpd.context.returns.ReturnView.process(ReturnView.java:123)
	at org.zhiqim.httpd.context.returns.ReturnView.process(ReturnView.java:53)
	at org.zhiqim.httpd.context.ZmlExecutor.handleAction(ZmlExecutor.java:312)
	at org.zhiqim.httpd.context.ZmlExecutor.handle(ZmlExecutor.java:99)
	at org.zhiqim.httpd.HttpHeaderAbs.execute(HttpHeaderAbs.java:329)
	at org.zhiqim.httpd.nio.HttpNioConnection.execute(HttpNioConnection.java:180)
	at org.zhiqim.httpd.nio.HttpNioConnection.run(HttpNioConnection.java:163)
	at org.zhiqim.kernel.control.Threader.run(Threader.java:117)
	at java.lang.Thread.run(Thread.java:745)
Caused by: org.zhiqim.zml.exception.StatementException: [/zview/zhiqim_project/project.zml][第90行],[第47列][${}表达式中有不支持的字符[$]]
	at org.zhiqim.zml.statement._Echo.parseStatement(_Echo.java:59)
	at org.zhiqim.zml.StatementParser.getStatementListInLine(StatementParser.java:448)
	at org.zhiqim.zml.StatementParser.parseStatementNesting(StatementParser.java:126)
	at org.zhiqim.zml.statement._For.parseStatement(_For.java:114)
	at org.zhiqim.zml.StatementParser.getStatementOutLineAndNesting(StatementParser.java:394)
	at org.zhiqim.zml.StatementParser.parseStatementNesting(StatementParser.java:118)
	at org.zhiqim.zml.Zml.parse(Zml.java:115)
	at org.zhiqim.zml.Zml.define(Zml.java:133)
	at org.zhiqim.zml.statement._Include.define(_Include.java:101)
	at org.zhiqim.zml.Zml.define(Zml.java:145)
	at org.zhiqim.zml.Zml.process(Zml.java:219)
	at org.zhiqim.zml.Zml.process(Zml.java:161)
	at org.zhiqim.zml.statement._Include.process(_Include.java:76)
	at org.zhiqim.zml.StatementParser.processStatementList(StatementParser.java:626)
	at org.zhiqim.zml.statement._If.process(_If.java:356)
	... 12 more
