2019-10-07 09:09:24,491 [main] INFO - 初始化[数据库映射:orm]开始...
2019-10-07 09:09:24,833 [main] INFO - 创建数据库连接[000001][jdbc:mysql://127.0.0.1:3306/gitsolo?useUnicode=true&characterEncoding=UTF-8|root]成功，[测试]
2019-10-07 09:09:24,849 [main] INFO - 创建数据库连接[000002][jdbc:mysql://127.0.0.1:3306/gitsolo?useUnicode=true&characterEncoding=UTF-8|root]成功，[初始化]
2019-10-07 09:09:24,858 [main] INFO - 创建数据库连接[000003][jdbc:mysql://127.0.0.1:3306/gitsolo?useUnicode=true&characterEncoding=UTF-8|root]成功，[初始化]
2019-10-07 09:09:24,860 [main] INFO - 初始化[数据库映射:orm]完成!!!

2019-10-07 09:09:24,861 [main] INFO - 初始化[HTTP服务:githttp]开始...
2019-10-07 09:09:24,864 [org.zhiqim.httpd.nio.HttpNioListener] INFO - 允许最大连接[20]，当前总连接[0]=WS[0]+活动[0]+空闲[0]，允许空闲[71]秒
2019-10-07 09:09:25,022 [main] INFO - 初始化[HTTP服务:githttp][ZML引擎]开始...[2019-10-07 09:09:25,021]
2019-10-07 09:09:25,062 [main] INFO - 初始化[HTTP服务:githttp][ZML引擎]结束!!![2019-10-07 09:09:25,062]
2019-10-07 09:09:25,063 [main] INFO - 初始化[HTTP服务:githttp][Context:知启蒙代码仓库独立版]开始...[2019-10-07 09:09:25,063]
2019-10-07 09:09:25,105 [main] INFO - <attribute name="系统名称" key="name" value="知启蒙管理台" />
2019-10-07 09:09:25,106 [main] INFO - <attribute name="系统版本" key="version" value="V1.5.0" />
2019-10-07 09:09:25,107 [main] INFO - <attribute name="系统引导" key="bootstrap" value="org.zhiqim.manager.ZmrBootstrap" />
2019-10-07 09:09:25,107 [main] INFO - <attribute name="管理台菜单" key="zmr_menu_sql" value="/conf/zmr.menu.sql" />
2019-10-07 09:09:25,107 [main] INFO - <attribute name="管理台路径" key="zhiqim_manager" value="manager" />
2019-10-07 09:09:25,108 [main] INFO - <interceptor name="检查登录" key="chkZmrLogin" class="org.zhiqim.manager.ZmrInterceptor" />
2019-10-07 09:09:25,121 [main] INFO - <action name="首页" path="/index.htm" view="/ztmpl/zhiqim_manager/index.htm" class="org.zhiqim.manager.action.IndexAction" />
2019-10-07 09:09:25,122 [main] INFO - <action name="管理页" path="/manager.htm" view="/ztmpl/zhiqim_manager/index.htm" class="org.zhiqim.manager.action.IndexAction" />
2019-10-07 09:09:25,123 [main] INFO - <action name="退出" path="/manager/logout.htm" redirect="/index.htm" class="org.zhiqim.manager.action.LogoutAction" />
2019-10-07 09:09:25,123 [main] INFO - <action name="主页" path="/manager/main.htm" interceptor="chkZmrLogin" view="/ztmpl/zhiqim_manager/template.htm" include="/zview/zhiqim_manager/main.zml" class="org.zhiqim.manager.action.MainAction" />
2019-10-07 09:09:25,123 [main] INFO - <action name="主页框架" path="/manager/welcome.htm" interceptor="chkZmrLogin" view="/ztmpl/zhiqim_manager/template.htm" include="/zview/zhiqim_manager/main.zml" class="org.zhiqim.manager.action.MainAction" />
2019-10-07 09:09:25,124 [main] INFO - <action name="用户中心" path="/manager/profile.htm" interceptor="chkZmrLogin" view="/ztmpl/zhiqim_manager/template.htm" include="/zview/zhiqim_manager/profile.zml" class="org.zhiqim.manager.action.ProfileAction" />
2019-10-07 09:09:25,125 [main] INFO - <action name="系统菜单列表" path="/manager/menu.htm" interceptor="chkZmrLogin" view="/ztmpl/zhiqim_manager/template.htm" include="/zview/zhiqim_manager/menu.zml" class="org.zhiqim.manager.action.MenuAction" method="list" />
2019-10-07 09:09:25,126 [main] INFO - <action name="增加菜单页面" path="/manager/menuAdd.htm" interceptor="chkZmrLogin" view="/ztmpl/zhiqim_manager/template.htm" include="/zview/zhiqim_manager/menuAdd.zml" class="org.zhiqim.manager.action.MenuAction" method="add" />
2019-10-07 09:09:25,126 [main] INFO - <action name="增加菜单处理" path="/manager/menuInsert.htm" interceptor="chkZmrLogin" redirect="/manager/menu.htm" class="org.zhiqim.manager.action.MenuAction" method="insert" success="增加成功" />
2019-10-07 09:09:25,127 [main] INFO - <action name="修改菜单页面" path="/manager/menuModify.htm" interceptor="chkZmrLogin" view="/ztmpl/zhiqim_manager/template.htm" include="/zview/zhiqim_manager/menuModify.zml" class="org.zhiqim.manager.action.MenuAction" method="modify" />
2019-10-07 09:09:25,127 [main] INFO - <action name="修改菜单处理" path="/manager/menuUpdate.htm" interceptor="chkZmrLogin" redirect="/manager/menu.htm" class="org.zhiqim.manager.action.MenuAction" method="update" success="修改成功" />
2019-10-07 09:09:25,128 [main] INFO - <action name="删除菜单处理" path="/manager/menuDelete.htm" interceptor="chkZmrLogin" redirect="/manager/menu.htm" class="org.zhiqim.manager.action.MenuAction" method="delete" success="删除成功" />
2019-10-07 09:09:25,128 [main] INFO - <action name="系统配置设置" path="/manager/config.htm" interceptor="chkZmrLogin" redirect="/manager/config.htm" view="/ztmpl/zhiqim_manager/template.htm" include="/zview/zhiqim_manager/config.zml" class="org.zhiqim.manager.action.ConfigAction" />
2019-10-07 09:09:25,129 [main] INFO - <action name="系统参数设置" path="/manager/param.htm" interceptor="chkZmrLogin" redirect="/manager/param.htm" view="/ztmpl/zhiqim_manager/template.htm" include="/zview/zhiqim_manager/param.zml" class="org.zhiqim.manager.action.ParamAction" />
2019-10-07 09:09:25,129 [main] INFO - <action name="更换首页主题风格" path="/manager/themeIndex.htm" interceptor="chkZmrLogin" redirect="/manager/themeIndex.htm" view="/ztmpl/zhiqim_manager/template.htm" include="/zview/zhiqim_manager/themeIndex.zml" class="org.zhiqim.manager.action.ThemeIndexAction" />
2019-10-07 09:09:25,130 [main] INFO - <action name="更换主页主题风格" path="/manager/themeMain.htm" interceptor="chkZmrLogin" redirect="/manager/themeMain.htm" view="/ztmpl/zhiqim_manager/template.htm" include="/zview/zhiqim_manager/themeMain.zml" class="org.zhiqim.manager.action.ThemeMainAction" />
2019-10-07 09:09:25,131 [main] INFO - <action name="系统缓存管理" path="/manager/cache.htm" interceptor="chkZmrLogin" redirect="/manager/cache.htm" view="/ztmpl/zhiqim_manager/template.htm" include="/zview/zhiqim_manager/cache.zml" class="org.zhiqim.manager.action.CacheAction" />
2019-10-07 09:09:25,146 [main] INFO - <action name="密钥对设置" path="/manager/keys.htm" interceptor="chkZmrLogin" redirect="/manager/keys.htm" view="/ztmpl/zhiqim_manager/template.htm" include="/zview/zhiqim_manager/keys.zml" class="org.zhiqim.manager.action.KeysAction" success="生成成功" />
2019-10-07 09:09:25,146 [main] INFO - <action name="进程状态查询" path="/manager/process.htm" interceptor="chkZmrLogin" view="/ztmpl/zhiqim_manager/template.htm" include="/zview/zhiqim_manager/process.zml" />
2019-10-07 09:09:25,147 [main] INFO - <action name="进程线程堆栈信息" path="/manager/processThreadStack.htm" interceptor="chkZmrLogin" view="/ztmpl/zhiqim_manager/inner.htm" include="/zview/zhiqim_manager/processThreadStack.zml" class="org.zhiqim.manager.action.ProcessThreadStackAction" />
2019-10-07 09:09:25,147 [main] INFO - <action name="头像列表" path="/manager/avatar.htm" interceptor="chkZmrLogin" view="/ztmpl/zhiqim_manager/template.htm" include="/zview/zhiqim_manager/avatar.zml" class="org.zhiqim.manager.action.AvatarAction" method="list" />
2019-10-07 09:09:25,148 [main] INFO - <action name="修改头像页面" path="/manager/avatarModify.htm" interceptor="chkZmrLogin" view="/ztmpl/zhiqim_manager/template.htm" include="/zview/zhiqim_manager/avatarModify.zml" class="org.zhiqim.manager.action.AvatarAction" method="modify" />
2019-10-07 09:09:25,149 [main] INFO - <action name="增加头像页面" path="/manager/avatarAdd.htm" interceptor="chkZmrLogin" view="/ztmpl/zhiqim_manager/template.htm" include="/zview/zhiqim_manager/avatarAdd.zml" />
2019-10-07 09:09:25,149 [main] INFO - <action name="组织列表" path="/manager/org.htm" interceptor="chkZmrLogin" view="/ztmpl/zhiqim_manager/template.htm" include="/zview/zhiqim_manager/org.zml" class="org.zhiqim.manager.action.OrgAction" method="list" />
2019-10-07 09:09:25,150 [main] INFO - <action name="增加组织页面" path="/manager/orgAdd.htm" interceptor="chkZmrLogin" view="/ztmpl/zhiqim_manager/template.htm" include="/zview/zhiqim_manager/orgAdd.zml" class="org.zhiqim.manager.action.OrgAction" method="add" />
2019-10-07 09:09:25,151 [main] INFO - <action name="增加组织处理" path="/manager/orgInsert.htm" interceptor="chkZmrLogin" redirect="/manager/org.htm" class="org.zhiqim.manager.action.OrgAction" method="insert" success="增加成功" />
2019-10-07 09:09:25,152 [main] INFO - <action name="修改组织页面" path="/manager/orgModify.htm" interceptor="chkZmrLogin" view="/ztmpl/zhiqim_manager/template.htm" include="/zview/zhiqim_manager/orgModify.zml" class="org.zhiqim.manager.action.OrgAction" method="modify" />
2019-10-07 09:09:25,152 [main] INFO - <action name="修改组织处理" path="/manager/orgUpdate.htm" interceptor="chkZmrLogin" redirect="/manager/org.htm" class="org.zhiqim.manager.action.OrgAction" method="update" success="修改成功" />
2019-10-07 09:09:25,153 [main] INFO - <action name="删除组织处理" path="/manager/orgDelete.htm" interceptor="chkZmrLogin" redirect="/manager/org.htm" class="org.zhiqim.manager.action.OrgAction" method="delete" success="删除成功" />
2019-10-07 09:09:25,154 [main] INFO - <action name="组织关联权限" path="/manager/orgRule.htm" interceptor="chkZmrLogin" redirect="/manager/orgRule.htm" view="/ztmpl/zhiqim_manager/template.htm" include="/zview/zhiqim_manager/orgRule.zml" class="org.zhiqim.manager.action.OrgRuleAction" />
2019-10-07 09:09:25,154 [main] INFO - <action name="组织选择对话框" path="/manager/orgSelector.htm" interceptor="chkZmrLogin" view="/ztmpl/zhiqim_manager/inner.htm" include="/zview/zhiqim_manager/orgSelector.zml" class="org.zhiqim.manager.action.OrgSelectorAction" />
2019-10-07 09:09:25,162 [main] INFO - <action name="部门列表" path="/manager/dept.htm" interceptor="chkZmrLogin" view="/ztmpl/zhiqim_manager/template.htm" include="/zview/zhiqim_manager/dept.zml" class="org.zhiqim.manager.action.DeptAction" method="list" />
2019-10-07 09:09:25,162 [main] INFO - <action name="增加部门页面" path="/manager/deptAdd.htm" interceptor="chkZmrLogin" view="/ztmpl/zhiqim_manager/template.htm" include="/zview/zhiqim_manager/deptAdd.zml" class="org.zhiqim.manager.action.DeptAction" method="add" />
2019-10-07 09:09:25,163 [main] INFO - <action name="增加部门处理" path="/manager/deptInsert.htm" interceptor="chkZmrLogin" redirect="/manager/dept.htm" class="org.zhiqim.manager.action.DeptAction" method="insert" success="增加成功" />
2019-10-07 09:09:25,164 [main] INFO - <action name="修改部门页面" path="/manager/deptModify.htm" interceptor="chkZmrLogin" view="/ztmpl/zhiqim_manager/template.htm" include="/zview/zhiqim_manager/deptModify.zml" class="org.zhiqim.manager.action.DeptAction" method="modify" />
2019-10-07 09:09:25,164 [main] INFO - <action name="修改部门处理" path="/manager/deptUpdate.htm" interceptor="chkZmrLogin" redirect="/manager/dept.htm" class="org.zhiqim.manager.action.DeptAction" method="update" success="修改成功" />
2019-10-07 09:09:25,165 [main] INFO - <action name="删除部门处理" path="/manager/deptDelete.htm" interceptor="chkZmrLogin" redirect="/manager/dept.htm" class="org.zhiqim.manager.action.DeptAction" method="delete" success="删除成功" />
2019-10-07 09:09:25,166 [main] INFO - <action name="部门操作员" path="/manager/deptOperator.htm" interceptor="chkZmrLogin" view="/ztmpl/zhiqim_manager/template.htm" include="/zview/zhiqim_manager/deptOperator.zml" class="org.zhiqim.manager.action.DeptOperatorAction" />
2019-10-07 09:09:25,167 [main] INFO - <action name="部门增加操作员" path="/manager/deptOperatorSelector.htm" interceptor="chkZmrLogin" view="/ztmpl/zhiqim_manager/inner.htm" include="/zview/zhiqim_manager/deptOperatorSelector.zml" class="org.zhiqim.manager.action.DeptOperatorSelectorAction" />
2019-10-07 09:09:25,168 [main] INFO - <action name="部门关联权限" path="/manager/deptRule.htm" interceptor="chkZmrLogin" redirect="/manager/deptRule.htm" view="/ztmpl/zhiqim_manager/template.htm" include="/zview/zhiqim_manager/deptRule.zml" class="org.zhiqim.manager.action.DeptRuleAction" success="保存成功" />
2019-10-07 09:09:25,168 [main] INFO - <action name="角色列表" path="/manager/role.htm" interceptor="chkZmrLogin" view="/ztmpl/zhiqim_manager/template.htm" include="/zview/zhiqim_manager/role.zml" class="org.zhiqim.manager.action.RoleAction" method="list" />
2019-10-07 09:09:25,169 [main] INFO - <action name="增加角色页面" path="/manager/roleAdd.htm" interceptor="chkZmrLogin" view="/ztmpl/zhiqim_manager/template.htm" include="/zview/zhiqim_manager/roleAdd.zml" class="org.zhiqim.manager.action.RoleAction" method="add" />
2019-10-07 09:09:25,170 [main] INFO - <action name="增加角色处理" path="/manager/roleInsert.htm" interceptor="chkZmrLogin" redirect="/manager/role.htm" class="org.zhiqim.manager.action.RoleAction" method="insert" success="增加成功" />
2019-10-07 09:09:25,176 [main] INFO - <action name="修改角色页面" path="/manager/roleModify.htm" interceptor="chkZmrLogin" view="/ztmpl/zhiqim_manager/template.htm" include="/zview/zhiqim_manager/roleModify.zml" class="org.zhiqim.manager.action.RoleAction" method="modify" />
2019-10-07 09:09:25,177 [main] INFO - <action name="修改角色处理" path="/manager/roleUpdate.htm" interceptor="chkZmrLogin" redirect="/manager/role.htm" class="org.zhiqim.manager.action.RoleAction" method="update" success="修改成功" />
2019-10-07 09:09:25,177 [main] INFO - <action name="删除角色处理" path="/manager/roleDelete.htm" interceptor="chkZmrLogin" redirect="/manager/role.htm" class="org.zhiqim.manager.action.RoleAction" method="delete" success="删除成功" />
2019-10-07 09:09:25,178 [main] INFO - <action name="角色操作员" path="/manager/roleOperator.htm" interceptor="chkZmrLogin" view="/ztmpl/zhiqim_manager/template.htm" include="/zview/zhiqim_manager/roleOperator.zml" class="org.zhiqim.manager.action.RoleOperatorAction" />
2019-10-07 09:09:25,179 [main] INFO - <action name="角色增加操作员" path="/manager/roleOperatorSelector.htm" interceptor="chkZmrLogin" view="/ztmpl/zhiqim_manager/inner.htm" include="/zview/zhiqim_manager/roleOperatorSelector.zml" class="org.zhiqim.manager.action.RoleOperatorSelectorAction" />
2019-10-07 09:09:25,179 [main] INFO - <action name="角色关联权限" path="/manager/roleRule.htm" interceptor="chkZmrLogin" redirect="/manager/roleRule.htm" view="/ztmpl/zhiqim_manager/template.htm" include="/zview/zhiqim_manager/roleRule.zml" class="org.zhiqim.manager.action.RoleRuleAction" success="保存成功" />
2019-10-07 09:09:25,180 [main] INFO - <action name="操作员列表" path="/manager/operator.htm" interceptor="chkZmrLogin" view="/ztmpl/zhiqim_manager/template.htm" include="/zview/zhiqim_manager/operator.zml" class="org.zhiqim.manager.action.OperatorAction" method="list" />
2019-10-07 09:09:25,181 [main] INFO - <action name="增加操作员页面" path="/manager/operatorAdd.htm" interceptor="chkZmrLogin" view="/ztmpl/zhiqim_manager/template.htm" include="/zview/zhiqim_manager/operatorAdd.zml" class="org.zhiqim.manager.action.OperatorAction" method="add" />
2019-10-07 09:09:25,181 [main] INFO - <action name="增加操作员处理" path="/manager/operatorInsert.htm" interceptor="chkZmrLogin" redirect="/manager/operator.htm" class="org.zhiqim.manager.action.OperatorAction" method="insert" success="增加成功" />
2019-10-07 09:09:25,182 [main] INFO - <action name="修改操作员页面" path="/manager/operatorModify.htm" interceptor="chkZmrLogin" view="/ztmpl/zhiqim_manager/template.htm" include="/zview/zhiqim_manager/operatorModify.zml" class="org.zhiqim.manager.action.OperatorAction" method="modify" />
2019-10-07 09:09:25,182 [main] INFO - <action name="修改操作员处理" path="/manager/operatorUpdate.htm" interceptor="chkZmrLogin" redirect="/manager/operator.htm" class="org.zhiqim.manager.action.OperatorAction" method="update" success="修改成功" />
2019-10-07 09:09:25,183 [main] INFO - <action name="删除操作员处理" path="/manager/operatorDelete.htm" interceptor="chkZmrLogin" redirect="/manager/operator.htm" class="org.zhiqim.manager.action.OperatorAction" method="delete" success="删除成功" />
2019-10-07 09:09:25,183 [main] INFO - <action name="操作员上传头像" path="/manager/operatorUploadAvatar.htm" interceptor="chkZmrLogin" view="/ztmpl/zhiqim_manager/template.htm" include="/zview/zhiqim_manager/operatorUploadAvatar.zml" />
2019-10-07 09:09:25,184 [main] INFO - <action name="操作员选择对话框" path="/manager/operatorSelector.htm" interceptor="chkZmrLogin" view="/ztmpl/zhiqim_manager/inner.htm" include="/zview/zhiqim_manager/operatorSelector.zml" class="org.zhiqim.manager.action.OperatorSelectorAction" />
2019-10-07 09:09:25,185 [main] INFO - <action name="操作员权限修改" path="/manager/operatorRule.htm" interceptor="chkZmrLogin" redirect="/manager/operatorRule.htm" view="/ztmpl/zhiqim_manager/template.htm" include="/zview/zhiqim_manager/operatorRule.zml" class="org.zhiqim.manager.action.OperatorRuleAction" />
2019-10-07 09:09:25,185 [main] INFO - <action name="操作员权限显示" path="/manager/operatorRuleView.htm" interceptor="chkZmrLogin" view="/ztmpl/zhiqim_manager/template.htm" include="/zview/zhiqim_manager/operatorRuleView.zml" class="org.zhiqim.manager.action.OperatorRuleViewAction" />
2019-10-07 09:09:25,186 [main] INFO - <action name="操作员部门选择框" path="/manager/operatorDeptSelector.htm" interceptor="chkZmrLogin" view="/ztmpl/zhiqim_manager/inner.htm" include="/zview/zhiqim_manager/operatorDeptSelector.zml" class="org.zhiqim.manager.action.OperatorDeptSelectorAction" />
2019-10-07 09:09:25,187 [main] INFO - <action name="操作员角色选择框" path="/manager/operatorRoleSelector.htm" interceptor="chkZmrLogin" view="/ztmpl/zhiqim_manager/inner.htm" include="/zview/zhiqim_manager/operatorRoleSelector.zml" class="org.zhiqim.manager.action.OperatorRoleSelectorAction" />
2019-10-07 09:09:25,191 [main] INFO - <action name="更换头像" path="/manager/modifyAvatar.htm" interceptor="chkZmrLogin" view="/ztmpl/zhiqim_manager/inner.htm" include="/zview/zhiqim_manager/modifyAvatar.zml" />
2019-10-07 09:09:25,192 [main] INFO - <action name="修改密码" path="/manager/modifyPassword.htm" interceptor="chkZmrLogin" view="/ztmpl/zhiqim_manager/inner.htm" include="/zview/zhiqim_manager/modifyPassword.zml" />
2019-10-07 09:09:25,192 [main] INFO - <action name="修改手机号" path="/manager/modifyMobile.htm" interceptor="chkZmrLogin" view="/ztmpl/zhiqim_manager/inner.htm" include="/zview/zhiqim_manager/modifyMobile.zml" />
2019-10-07 09:09:25,193 [main] INFO - <action name="修改邮箱" path="/manager/modifyEmail.htm" interceptor="chkZmrLogin" view="/ztmpl/zhiqim_manager/inner.htm" include="/zview/zhiqim_manager/modifyEmail.zml" />
2019-10-07 09:09:25,193 [main] INFO - <action name="验证密码" path="/manager/validatePassword.htm" interceptor="chkZmrLogin" view="/ztmpl/zhiqim_manager/inner.htm" include="/zview/zhiqim_manager/validatePassword.zml" />
2019-10-07 09:09:25,194 [main] INFO - <action name="操作日志查询" path="/manager/operateLog.htm" interceptor="chkZmrLogin" view="/ztmpl/zhiqim_manager/template.htm" include="/zview/zhiqim_manager/operateLog.zml" class="org.zhiqim.manager.action.OperateLogAction" />
2019-10-07 09:09:25,195 [main] INFO - <action name="操作员在线列表" path="/manager/operatorOnline.htm" interceptor="chkZmrLogin" view="/ztmpl/zhiqim_manager/template.htm" include="/zview/zhiqim_manager/operatorOnline.zml" class="org.zhiqim.manager.action.OperatorOnlineAction" />
2019-10-07 09:09:25,195 [main] INFO - <action name="头像" path="/manager/avatar/*/*.png" class="org.zhiqim.manager.action.AvatarAction" method="access" />
2019-10-07 09:09:25,196 [main] INFO - <action name="后台页面.htm" path="/zmr/*.htm" interceptor="chkZmrLogin" class="org.zhiqim.manager.action.ZmrAction" />
2019-10-07 09:09:25,196 [main] INFO - <action name="后台页面.zml" path="/zmr/*.zml" interceptor="chkZmrLogin" class="org.zhiqim.manager.action.ZmrAction" />
2019-10-07 09:09:25,197 [main] INFO - <action name="内部页面.htm" path="/zmi/*.htm" interceptor="chkZmrLogin" class="org.zhiqim.manager.action.ZmiAction" />
2019-10-07 09:09:25,197 [main] INFO - <action name="内部页面.zml" path="/zmi/*.zml" interceptor="chkZmrLogin" class="org.zhiqim.manager.action.ZmiAction" />
2019-10-07 09:09:25,694 [main] INFO - 增加计划任务[org.zhiqim.manager.ZmrTask]
2019-10-07 09:09:25,696 [main] INFO - <attribute name="系统名称" key="name" value="知启蒙项目组件" />
2019-10-07 09:09:25,696 [main] INFO - <attribute name="系统版本" key="version" value="V1.5.0" />
2019-10-07 09:09:25,697 [main] INFO - <interceptor name="检查项目拦截器" key="chkZpmProject" class="org.zhiqim.project.ZpmInterceptor" />
2019-10-07 09:09:25,697 [main] INFO - <action name="项目列表" path="/zhiqim_project/project.htm" interceptor="chkZmrLogin" view="/ztmpl/zhiqim_manager/template.htm" include="/zview/zhiqim_project/project.zml" class="org.zhiqim.project.action.ProjectAction" method="list" />
2019-10-07 09:09:25,698 [main] INFO - <action name="项目增加页面" path="/zhiqim_project/projectAdd.htm" interceptor="chkZmrLogin" view="/ztmpl/zhiqim_manager/template.htm" include="/zview/zhiqim_project/projectAdd.zml" class="org.zhiqim.project.action.ProjectAction" method="add" />
2019-10-07 09:09:25,699 [main] INFO - <action name="项目增加处理" path="/zhiqim_project/projectInsert.htm" interceptor="chkZmrLogin" redirect="/zhiqim_project/project.htm" class="org.zhiqim.project.action.ProjectAction" method="insert" success="增加成功" />
2019-10-07 09:09:25,699 [main] INFO - <action name="项目修改页面" path="/zhiqim_project/projectModify.htm" interceptor="chkZmrLogin" view="/ztmpl/zhiqim_manager/template.htm" include="/zview/zhiqim_project/projectModify.zml" class="org.zhiqim.project.action.ProjectAction" method="modify" />
2019-10-07 09:09:25,700 [main] INFO - <action name="项目查询处理" path="/zhiqim_project/projectUpdate.htm" interceptor="chkZmrLogin" redirect="/zhiqim_project/project.htm" class="org.zhiqim.project.action.ProjectAction" method="update" success="修改成功" />
2019-10-07 09:09:25,700 [main] INFO - <action name="项目删除处理" path="/zhiqim_project/projectDelete.htm" interceptor="chkZmrLogin" redirect="/zhiqim_project/project.htm" class="org.zhiqim.project.action.ProjectAction" method="delete" success="删除成功" />
2019-10-07 09:09:25,701 [main] INFO - <action name="项目转让选择器" path="/zhiqim_project/projectTransferSelector.htm" interceptor="chkZmrLogin" view="/ztmpl/zhiqim_manager/inner.htm" include="/zview/zhiqim_project/projectTransferSelector.zml" class="org.zhiqim.project.action.ProjectTransferSelectorAction" />
2019-10-07 09:09:25,702 [main] INFO - <action name="成员列表" path="/zhiqim_project/member.htm" interceptor="chkZmrLogin,chkZpmProject" view="/ztmpl/zhiqim_manager/template.htm" include="/zview/zhiqim_project/member.zml" class="org.zhiqim.project.action.MemberAction" />
2019-10-07 09:09:25,702 [main] INFO - <action name="成员选择器" path="/zhiqim_project/memberSelector.htm" interceptor="chkZmrLogin,chkZpmProject" view="/ztmpl/zhiqim_manager/inner.htm" include="/zview/zhiqim_project/memberSelector.zml" class="org.zhiqim.project.action.MemberSelectorAction" />
2019-10-07 09:09:25,703 [main] INFO - <action name="成员动态" path="/zhiqim_project/memberReport.htm" interceptor="chkZmrLogin,chkZpmProject" view="/ztmpl/zhiqim_manager/template.htm" include="/zview/zhiqim_project/memberReport.zml" class="org.zhiqim.project.action.MemberReportAction" />
2019-10-07 09:09:25,703 [main] INFO - <action name="我的动态" path="/zhiqim_project/personReport.htm" interceptor="chkZmrLogin" view="/ztmpl/zhiqim_manager/template.htm" include="/zview/zhiqim_project/personReport.zml" class="org.zhiqim.project.action.PersonReportAction" />
2019-10-07 09:09:25,704 [main] INFO - <action name="向我汇报的项目动态" path="/zhiqim_project/personReaderReport.htm" interceptor="chkZmrLogin" view="/ztmpl/zhiqim_manager/template.htm" include="/zview/zhiqim_project/personReaderReport.zml" class="org.zhiqim.project.action.PersonReaderReportAction" />
2019-10-07 09:09:25,705 [main] INFO - <action name="查看成员项目动态" path="/zhiqim_project/reportReview.htm" interceptor="chkZmrLogin" view="/ztmpl/zhiqim_manager/template.htm" include="/zview/zhiqim_project/reportReview.zml" class="org.zhiqim.project.action.ReportReviewAction" />
2019-10-07 09:09:25,705 [main] INFO - <action name="我的汇报设置" path="/zhiqim_project/personSetting.htm" interceptor="chkZmrLogin" view="/ztmpl/zhiqim_manager/template.htm" include="/zview/zhiqim_project/personSetting.zml" class="org.zhiqim.project.action.PersonSettingAction" />
2019-10-07 09:09:25,706 [main] INFO - <action name="我的汇报选择器" path="/zhiqim_project/personSettingSelector.htm" interceptor="chkZmrLogin" view="/ztmpl/zhiqim_manager/inner.htm" include="/zview/zhiqim_project/personSettingSelector.zml" class="org.zhiqim.project.action.PersonSettingSelectorAction" />
2019-10-07 09:09:25,712 [main] INFO - <action name="向我汇报的成员" path="/zhiqim_project/personReader.htm" interceptor="chkZmrLogin" view="/ztmpl/zhiqim_manager/template.htm" include="/zview/zhiqim_project/personReader.zml" class="org.zhiqim.project.action.PersonReaderAction" />
2019-10-07 09:09:25,715 [main] INFO - <attribute name="系统名称" key="name" value="同方知网代码仓库" />
2019-10-07 09:09:25,716 [main] INFO - <attribute name="系统版本" key="version" value="V1.5.0" />
2019-10-07 09:09:25,716 [main] INFO - <interceptor name="检查后端仓库拦截器" key="chkGitsoloRepo" class="org.zhiqim.gitsolo.GitsoloRepoInterceptor" />
2019-10-07 09:09:25,717 [main] INFO - <interceptor name="检查前端更新拦截器" key="chkGitsoloUpdate" class="org.zhiqim.gitsolo.GitsoloUpdateInterceptor" />
2019-10-07 09:09:25,717 [main] INFO - <interceptor name="检查前端提交拦截器" key="chkGitsoloCommit" class="org.zhiqim.gitsolo.GitsoloCommitInterceptor" />
2019-10-07 09:09:25,718 [main] INFO - <action name="设置独立密钥" path="/gitsolo/secret.htm" interceptor="chkZmrLogin,chkZpmProject" view="/ztmpl/zhiqim_manager/template.htm" include="/zview/gitsolo/secret.zml" />
2019-10-07 09:09:25,719 [main] INFO - <action name="获取独立密钥" path="/gitsolo/secretQuery.htm" interceptor="chkZmrLogin,chkZpmProject" view="/ztmpl/zhiqim_manager/inner.htm" include="/zview/gitsolo/secretQuery.zml" />
2019-10-07 09:09:25,719 [main] INFO - <action name="仓库列表" path="/gitsolo/repository.htm" interceptor="chkZmrLogin,chkZpmProject" view="/ztmpl/zhiqim_manager/template.htm" include="/zview/gitsolo/repository.zml" class="org.zhiqim.gitsolo.manage.RepositoryAction" method="list" />
2019-10-07 09:09:25,724 [main] INFO - <action name="增加仓库页面" path="/gitsolo/repositoryAdd.htm" interceptor="chkZmrLogin,chkZpmProject" view="/ztmpl/zhiqim_manager/template.htm" include="/zview/gitsolo/repositoryAdd.zml" class="org.zhiqim.gitsolo.manage.RepositoryAction" method="add" />
2019-10-07 09:09:25,725 [main] INFO - <action name="增加仓库处理" path="/gitsolo/repositoryInsert.htm" interceptor="chkZmrLogin,chkZpmProject" redirect="/gitsolo/repository.htm" class="org.zhiqim.gitsolo.manage.RepositoryAction" method="insert" success="增加成功" />
2019-10-07 09:09:25,726 [main] INFO - <action name="修改仓库页面" path="/gitsolo/repositoryModify.htm" interceptor="chkZmrLogin,chkZpmProject" view="/ztmpl/zhiqim_manager/template.htm" include="/zview/gitsolo/repositoryModify.zml" class="org.zhiqim.gitsolo.manage.RepositoryAction" method="modify" />
2019-10-07 09:09:25,726 [main] INFO - <action name="更新仓库处理" path="/gitsolo/repositoryUpdate.htm" interceptor="chkZmrLogin,chkZpmProject" redirect="/gitsolo/repository.htm" class="org.zhiqim.gitsolo.manage.RepositoryAction" method="update" success="修改成功" />
2019-10-07 09:09:25,727 [main] INFO - <action name="删除仓库处理" path="/gitsolo/repositoryDelete.htm" interceptor="chkZmrLogin,chkZpmProject" redirect="/gitsolo/repository.htm" class="org.zhiqim.gitsolo.manage.RepositoryAction" method="delete" success="删除成功" />
2019-10-07 09:09:25,727 [main] INFO - <action name="删除仓库处理" path="/gitsolo/repositoryMoveSelector.htm" interceptor="chkZmrLogin,chkZpmProject" view="/ztmpl/zhiqim_manager/inner.htm" include="/zview/gitsolo/repositoryMoveSelector.zml" class="org.zhiqim.gitsolo.manage.RepositoryMoveSelectorAction" />
2019-10-07 09:09:25,728 [main] INFO - <action name="查询仓库提交日志" path="/gitsolo/log.htm" interceptor="chkZmrLogin,chkGitsoloRepo" view="/ztmpl/zhiqim_manager/template.htm" include="/zview/gitsolo/log.zml" class="org.zhiqim.gitsolo.manage.LogAction" />
2019-10-07 09:09:25,729 [main] INFO - <action name="查看仓库文件列表" path="/gitsolo/tree.htm" interceptor="chkZmrLogin,chkGitsoloRepo" view="/ztmpl/zhiqim_manager/template.htm" include="/zview/gitsolo/tree.zml" class="org.zhiqim.gitsolo.manage.TreeAction" />
2019-10-07 09:09:25,729 [main] INFO - <action name="查看仓库文件内容" path="/gitsolo/file.htm" interceptor="chkZmrLogin,chkGitsoloRepo" view="/ztmpl/zhiqim_manager/template.htm" include="/zview/gitsolo/file.zml" class="org.zhiqim.gitsolo.manage.FileAction" />
2019-10-07 09:09:25,730 [main] INFO - <action name="分支列表" path="/gitsolo/branche.htm" interceptor="chkZmrLogin,chkGitsoloRepo" view="/ztmpl/zhiqim_manager/template.htm" include="/zview/gitsolo/branche.zml" class="org.zhiqim.gitsolo.manage.BrancheAction" method="list" />
2019-10-07 09:09:25,730 [main] INFO - <action name="增加分支页面" path="/gitsolo/brancheAdd.htm" interceptor="chkZmrLogin,chkGitsoloRepo" view="/ztmpl/zhiqim_manager/template.htm" include="/zview/gitsolo/brancheAdd.zml" class="org.zhiqim.gitsolo.manage.BrancheAction" method="add" />
2019-10-07 09:09:25,731 [main] INFO - <action name="增加分支处理" path="/gitsolo/brancheInsert.htm" interceptor="chkZmrLogin,chkGitsoloRepo" redirect="/gitsolo/branche.htm" class="org.zhiqim.gitsolo.manage.BrancheAction" method="insert" success="增加成功" />
2019-10-07 09:09:25,732 [main] INFO - <action name="修改分支页面" path="/gitsolo/brancheModify.htm" interceptor="chkZmrLogin,chkGitsoloRepo" view="/ztmpl/zhiqim_manager/template.htm" include="/zview/gitsolo/brancheModify.zml" class="org.zhiqim.gitsolo.manage.BrancheAction" method="modify" />
2019-10-07 09:09:25,732 [main] INFO - <action name="修改分支处理" path="/gitsolo/brancheUpdate.htm" interceptor="chkZmrLogin,chkGitsoloRepo" redirect="/gitsolo/branche.htm" class="org.zhiqim.gitsolo.manage.BrancheAction" method="update" success="修改成功" />
2019-10-07 09:09:25,733 [main] INFO - <action name="删除分支处理" path="/gitsolo/brancheDelete.htm" interceptor="chkZmrLogin,chkGitsoloRepo" redirect="/gitsolo/branche.htm" class="org.zhiqim.gitsolo.manage.BrancheAction" method="delete" success="删除成功" />
2019-10-07 09:09:25,736 [main] INFO - <action name="标签列表" path="/gitsolo/tag.htm" interceptor="chkZmrLogin,chkGitsoloRepo" view="/ztmpl/zhiqim_manager/template.htm" include="/zview/gitsolo/tag.zml" class="org.zhiqim.gitsolo.manage.TagAction" method="list" />
2019-10-07 09:09:25,737 [main] INFO - <action name="增加标签页面" path="/gitsolo/tagAdd.htm" interceptor="chkZmrLogin,chkGitsoloRepo" view="/ztmpl/zhiqim_manager/template.htm" include="/zview/gitsolo/tagAdd.zml" class="org.zhiqim.gitsolo.manage.TagAction" method="add" />
2019-10-07 09:09:25,737 [main] INFO - <action name="增加标签处理" path="/gitsolo/tagInsert.htm" interceptor="chkZmrLogin,chkGitsoloRepo" redirect="/gitsolo/tag.htm" class="org.zhiqim.gitsolo.manage.TagAction" method="insert" success="增加成功" />
2019-10-07 09:09:25,738 [main] INFO - <action name="修改标签页面" path="/gitsolo/tagModify.htm" interceptor="chkZmrLogin,chkGitsoloRepo" view="/ztmpl/zhiqim_manager/template.htm" include="/zview/gitsolo/tagModify.zml" class="org.zhiqim.gitsolo.manage.TagAction" method="modify" />
2019-10-07 09:09:25,738 [main] INFO - <action name="修改标签处理" path="/gitsolo/tagUpdate.htm" interceptor="chkZmrLogin,chkGitsoloRepo" redirect="/gitsolo/tag.htm" class="org.zhiqim.gitsolo.manage.TagAction" method="update" success="修改成功" />
2019-10-07 09:09:25,739 [main] INFO - <action name="删除标签处理" path="/gitsolo/tagDelete.htm" interceptor="chkZmrLogin,chkGitsoloRepo" redirect="/gitsolo/tag.htm" class="org.zhiqim.gitsolo.manage.TagAction" method="delete" success="删除成功" />
2019-10-07 09:09:25,740 [main] INFO - <action name="查询引用表" path="/gitsolo/*/info/refs" interceptor="chkGitsoloUpdate" class="org.zhiqim.gitsolo.portal.InfoRefsAction" />
2019-10-07 09:09:25,741 [main] INFO - <action name="上传包处理" path="/gitsolo/*/git-upload-pack" interceptor="chkGitsoloUpdate" class="org.zhiqim.gitsolo.portal.UploadPackAction" />
2019-10-07 09:09:25,742 [main] INFO - <action name="接收包处理" path="/gitsolo/*/git-receive-pack" interceptor="chkGitsoloCommit" class="org.zhiqim.gitsolo.portal.ReceivePackAction" />
2019-10-07 09:09:25,743 [main] INFO - 初始化[HTTP服务:githttp][Context:同方知网代码仓库]完成!!![2019-10-07 09:09:25,742]
2019-10-07 09:09:25,744 [main] INFO - 初始化[HTTP服务:githttp]HTTP监听:[name:githttp.listener;port:8080]完成!!!

2019-10-07 09:09:25,748 [main] INFO - 系统[知启蒙代码仓库独立版]-版本[V1.5.0]初始化完成!!!

2019-10-07 09:09:42,549 [Threader-Githttp.listener-3] INFO - USER:guest IP:0:0:0:0:0:0:0:1 URI:/service/ajax?path=/&time=1570410582045 [ZmrLoginPresenter][doLogin][699]
