2019-10-08 09:44:40,355 [Threader-Githttp.listener-8] ERROR - USER:guest IP:0:0:0:0:0:0:0:1 URI:/service/ajax?path=/&time=1570499080330 [ZmrLoginPresenter][doLogin]调用异常
java.lang.reflect.InvocationTargetException
	at sun.reflect.NativeMethodAccessorImpl.invoke0(Native Method)
	at sun.reflect.NativeMethodAccessorImpl.invoke(NativeMethodAccessorImpl.java:57)
	at sun.reflect.DelegatingMethodAccessorImpl.invoke(DelegatingMethodAccessorImpl.java:43)
	at java.lang.reflect.Method.invoke(Method.java:606)
	at org.zhiqim.httpd.context.service.RmiService.service(RmiService.java:276)
	at org.zhiqim.httpd.context.service.AjaxService.handle(AjaxService.java:90)
	at org.zhiqim.httpd.context.ServiceExecutor.handle(ServiceExecutor.java:78)
	at org.zhiqim.httpd.HttpHeaderAbs.execute(HttpHeaderAbs.java:329)
	at org.zhiqim.httpd.nio.HttpNioConnection.execute(HttpNioConnection.java:180)
	at org.zhiqim.httpd.nio.HttpNioConnection.run(HttpNioConnection.java:163)
	at org.zhiqim.kernel.control.Threader.run(Threader.java:117)
	at java.lang.Thread.run(Thread.java:745)
Caused by: java.lang.IllegalArgumentException: [Base64.decode(第57行)]参数含有不是Base64字符串允许的字符
	at org.zhiqim.kernel.util.Asserts.as(Asserts.java:52)
	at org.zhiqim.kernel.util.codes.Base64.decode(Base64.java:57)
	at org.zhiqim.manager.presenter.ZmrLoginPresenter.doLogin(ZmrLoginPresenter.java:110)
	... 12 more
2019-10-08 09:45:49,459 [Threader-Githttp.listener-6] ERROR - USER:guest IP:0:0:0:0:0:0:0:1 URI:/service/ajax?path=/&time=1570499149431 [ZmrLoginPresenter][doLogin]调用异常
java.lang.reflect.InvocationTargetException
	at sun.reflect.NativeMethodAccessorImpl.invoke0(Native Method)
	at sun.reflect.NativeMethodAccessorImpl.invoke(NativeMethodAccessorImpl.java:57)
	at sun.reflect.DelegatingMethodAccessorImpl.invoke(DelegatingMethodAccessorImpl.java:43)
	at java.lang.reflect.Method.invoke(Method.java:606)
	at org.zhiqim.httpd.context.service.RmiService.service(RmiService.java:276)
	at org.zhiqim.httpd.context.service.AjaxService.handle(AjaxService.java:90)
	at org.zhiqim.httpd.context.ServiceExecutor.handle(ServiceExecutor.java:78)
	at org.zhiqim.httpd.HttpHeaderAbs.execute(HttpHeaderAbs.java:329)
	at org.zhiqim.httpd.nio.HttpNioConnection.execute(HttpNioConnection.java:180)
	at org.zhiqim.httpd.nio.HttpNioConnection.run(HttpNioConnection.java:163)
	at org.zhiqim.kernel.control.Threader.run(Threader.java:117)
	at java.lang.Thread.run(Thread.java:745)
Caused by: java.lang.IllegalArgumentException: [Base64.decode(第57行)]参数含有不是Base64字符串允许的字符
	at org.zhiqim.kernel.util.Asserts.as(Asserts.java:52)
	at org.zhiqim.kernel.util.codes.Base64.decode(Base64.java:57)
	at org.zhiqim.manager.presenter.ZmrLoginPresenter.doLogin(ZmrLoginPresenter.java:110)
	... 12 more
2019-10-08 09:46:25,305 [Threader-Githttp.listener-3] ERROR - USER:guest IP:0:0:0:0:0:0:0:1 URI:/service/ajax?path=/&time=1570499184799 [ZmrLoginPresenter][doLogin]调用异常
java.lang.reflect.InvocationTargetException
	at sun.reflect.NativeMethodAccessorImpl.invoke0(Native Method)
	at sun.reflect.NativeMethodAccessorImpl.invoke(NativeMethodAccessorImpl.java:57)
	at sun.reflect.DelegatingMethodAccessorImpl.invoke(DelegatingMethodAccessorImpl.java:43)
	at java.lang.reflect.Method.invoke(Method.java:606)
	at org.zhiqim.httpd.context.service.RmiService.service(RmiService.java:276)
	at org.zhiqim.httpd.context.service.AjaxService.handle(AjaxService.java:90)
	at org.zhiqim.httpd.context.ServiceExecutor.handle(ServiceExecutor.java:78)
	at org.zhiqim.httpd.HttpHeaderAbs.execute(HttpHeaderAbs.java:329)
	at org.zhiqim.httpd.nio.HttpNioConnection.execute(HttpNioConnection.java:180)
	at org.zhiqim.httpd.nio.HttpNioConnection.run(HttpNioConnection.java:163)
	at org.zhiqim.kernel.control.Threader.run(Threader.java:117)
	at java.lang.Thread.run(Thread.java:745)
Caused by: javax.crypto.BadPaddingException: Decryption error
	at sun.security.rsa.RSAPadding.unpadV15(RSAPadding.java:380)
	at sun.security.rsa.RSAPadding.unpad(RSAPadding.java:291)
	at com.sun.crypto.provider.RSACipher.doFinal(RSACipher.java:365)
	at com.sun.crypto.provider.RSACipher.engineDoFinal(RSACipher.java:391)
	at javax.crypto.Cipher.doFinal(Cipher.java:2189)
	at org.zhiqim.kernel.util.codes.RSA.decrypt(RSA.java:254)
	at org.zhiqim.kernel.util.codes.RSA.decrypt(RSA.java:221)
	at org.zhiqim.kernel.util.codes.RSA.decrypt(RSA.java:193)
	at org.zhiqim.manager.presenter.ZmrLoginPresenter.doLogin(ZmrLoginPresenter.java:112)
	... 12 more
2019-10-08 10:08:27,609 [Threader-Githttp.listener-6] ERROR - UpdateExecutorClass[SQLException][Data truncation: Data too long for column 'OPERATOR_MOBILE' at row 1][sql=insert into ZMR_OPERATOR(ORG_ID,OPERATOR_CODE,OPERATOR_PASS,OPERATOR_PASS_SALT,OPERATOR_STATUS,OPERATOR_TYPE,OPERATOR_NAME,OPERATOR_AVATAR,OPERATOR_DEPT,OPERATOR_DEPT_ALL,OPERATOR_ROLE,OPERATOR_MOBILE,OPERATOR_EMAIL,OPERATOR_SKIN,OPERATOR_IP,OPERATOR_URL,OPERATOR_PARAM,OPERATOR_CREATED,OPERATOR_MODIFIED) values (?,?,?,?,?,?,?,?,?,?,?,?,?,?,?,?,?,?,?)]
com.mysql.jdbc.MysqlDataTruncation: Data truncation: Data too long for column 'OPERATOR_MOBILE' at row 1
	at com.mysql.jdbc.MysqlIO.checkErrorPacket(MysqlIO.java:3204)
	at com.mysql.jdbc.MysqlIO.sendCommand(MysqlIO.java:1792)
	at com.mysql.jdbc.MysqlIO.sqlQueryDirect(MysqlIO.java:1888)
	at com.mysql.jdbc.Connection.execSQL(Connection.java:3903)
	at com.mysql.jdbc.PreparedStatement.executeInternal(PreparedStatement.java:1448)
	at com.mysql.jdbc.PreparedStatement.executeUpdate(PreparedStatement.java:1731)
	at com.mysql.jdbc.PreparedStatement.executeUpdate(PreparedStatement.java:1652)
	at com.mysql.jdbc.PreparedStatement.executeUpdate(PreparedStatement.java:1636)
	at org.zhiqim.orm.executor.UpdateExecutorClass.execute(UpdateExecutorClass.java:108)
	at org.zhiqim.orm.ZSQLImplement.executeUpdate(ZSQLImplement.java:380)
	at org.zhiqim.orm.ZTableImplement.insert(ZTableImplement.java:447)
	at org.zhiqim.orm.ZTableImplement.insert(ZTableImplement.java:392)
	at org.zhiqim.manager.action.OperatorAction.add(OperatorAction.java:159)
	at org.zhiqim.httpd.context.extend.StdSwitchAction.execute(StdSwitchAction.java:70)
	at org.zhiqim.httpd.context.ZmlExecutor.handleAction(ZmlExecutor.java:226)
	at org.zhiqim.httpd.context.ZmlExecutor.handle(ZmlExecutor.java:99)
	at org.zhiqim.httpd.HttpHeaderAbs.execute(HttpHeaderAbs.java:329)
	at org.zhiqim.httpd.nio.HttpNioConnection.execute(HttpNioConnection.java:180)
	at org.zhiqim.httpd.nio.HttpNioConnection.run(HttpNioConnection.java:163)
	at org.zhiqim.kernel.control.Threader.run(Threader.java:117)
	at java.lang.Thread.run(Thread.java:745)
2019-10-08 10:20:08,801 [Threader-Githttp.listener-3] ERROR - UpdateExecutorClass[SQLException][Data truncation: Data too long for column 'OPERATOR_MOBILE' at row 1][sql=insert into ZMR_OPERATOR(ORG_ID,OPERATOR_CODE,OPERATOR_PASS,OPERATOR_PASS_SALT,OPERATOR_STATUS,OPERATOR_TYPE,OPERATOR_NAME,OPERATOR_AVATAR,OPERATOR_DEPT,OPERATOR_DEPT_ALL,OPERATOR_ROLE,OPERATOR_MOBILE,OPERATOR_EMAIL,OPERATOR_SKIN,OPERATOR_IP,OPERATOR_URL,OPERATOR_PARAM,OPERATOR_CREATED,OPERATOR_MODIFIED) values (?,?,?,?,?,?,?,?,?,?,?,?,?,?,?,?,?,?,?)]
com.mysql.jdbc.MysqlDataTruncation: Data truncation: Data too long for column 'OPERATOR_MOBILE' at row 1
	at com.mysql.jdbc.MysqlIO.checkErrorPacket(MysqlIO.java:3204)
	at com.mysql.jdbc.MysqlIO.sendCommand(MysqlIO.java:1792)
	at com.mysql.jdbc.MysqlIO.sqlQueryDirect(MysqlIO.java:1888)
	at com.mysql.jdbc.Connection.execSQL(Connection.java:3903)
	at com.mysql.jdbc.PreparedStatement.executeInternal(PreparedStatement.java:1448)
	at com.mysql.jdbc.PreparedStatement.executeUpdate(PreparedStatement.java:1731)
	at com.mysql.jdbc.PreparedStatement.executeUpdate(PreparedStatement.java:1652)
	at com.mysql.jdbc.PreparedStatement.executeUpdate(PreparedStatement.java:1636)
	at org.zhiqim.orm.executor.UpdateExecutorClass.execute(UpdateExecutorClass.java:108)
	at org.zhiqim.orm.ZSQLImplement.executeUpdate(ZSQLImplement.java:380)
	at org.zhiqim.orm.ZTableImplement.insert(ZTableImplement.java:447)
	at org.zhiqim.orm.ZTableImplement.insert(ZTableImplement.java:392)
	at org.zhiqim.manager.action.OperatorAction.add(OperatorAction.java:158)
	at org.zhiqim.httpd.context.extend.StdSwitchAction.execute(StdSwitchAction.java:70)
	at org.zhiqim.httpd.context.ZmlExecutor.handleAction(ZmlExecutor.java:226)
	at org.zhiqim.httpd.context.ZmlExecutor.handle(ZmlExecutor.java:99)
	at org.zhiqim.httpd.HttpHeaderAbs.execute(HttpHeaderAbs.java:329)
	at org.zhiqim.httpd.nio.HttpNioConnection.execute(HttpNioConnection.java:180)
	at org.zhiqim.httpd.nio.HttpNioConnection.run(HttpNioConnection.java:163)
	at org.zhiqim.kernel.control.Threader.run(Threader.java:117)
	at java.lang.Thread.run(Thread.java:745)
2019-10-08 11:02:41,825 [Threader-Githttp.listener-3] ERROR - UpdateExecutorClass[SQLException][Data truncation: Data too long for column 'OPERATOR_MOBILE' at row 1][sql=insert into ZMR_OPERATOR(ORG_ID,OPERATOR_CODE,OPERATOR_PASS,OPERATOR_PASS_SALT,OPERATOR_STATUS,OPERATOR_TYPE,OPERATOR_NAME,OPERATOR_AVATAR,OPERATOR_DEPT,OPERATOR_DEPT_ALL,OPERATOR_ROLE,OPERATOR_MOBILE,OPERATOR_EMAIL,OPERATOR_SKIN,OPERATOR_IP,OPERATOR_URL,OPERATOR_PARAM,OPERATOR_CREATED,OPERATOR_MODIFIED) values (?,?,?,?,?,?,?,?,?,?,?,?,?,?,?,?,?,?,?)]
com.mysql.jdbc.MysqlDataTruncation: Data truncation: Data too long for column 'OPERATOR_MOBILE' at row 1
	at com.mysql.jdbc.MysqlIO.checkErrorPacket(MysqlIO.java:3204)
	at com.mysql.jdbc.MysqlIO.sendCommand(MysqlIO.java:1792)
	at com.mysql.jdbc.MysqlIO.sqlQueryDirect(MysqlIO.java:1888)
	at com.mysql.jdbc.Connection.execSQL(Connection.java:3903)
	at com.mysql.jdbc.PreparedStatement.executeInternal(PreparedStatement.java:1448)
	at com.mysql.jdbc.PreparedStatement.executeUpdate(PreparedStatement.java:1731)
	at com.mysql.jdbc.PreparedStatement.executeUpdate(PreparedStatement.java:1652)
	at com.mysql.jdbc.PreparedStatement.executeUpdate(PreparedStatement.java:1636)
	at org.zhiqim.orm.executor.UpdateExecutorClass.execute(UpdateExecutorClass.java:108)
	at org.zhiqim.orm.ZSQLImplement.executeUpdate(ZSQLImplement.java:380)
	at org.zhiqim.orm.ZTableImplement.insert(ZTableImplement.java:447)
	at org.zhiqim.orm.ZTableImplement.insert(ZTableImplement.java:392)
	at org.zhiqim.manager.action.OperatorAction.add(OperatorAction.java:157)
	at org.zhiqim.httpd.context.extend.StdSwitchAction.execute(StdSwitchAction.java:70)
	at org.zhiqim.httpd.context.ZmlExecutor.handleAction(ZmlExecutor.java:226)
	at org.zhiqim.httpd.context.ZmlExecutor.handle(ZmlExecutor.java:99)
	at org.zhiqim.httpd.HttpHeaderAbs.execute(HttpHeaderAbs.java:329)
	at org.zhiqim.httpd.nio.HttpNioConnection.execute(HttpNioConnection.java:180)
	at org.zhiqim.httpd.nio.HttpNioConnection.run(HttpNioConnection.java:163)
	at org.zhiqim.kernel.control.Threader.run(Threader.java:117)
	at java.lang.Thread.run(Thread.java:745)
2019-10-08 11:04:51,851 [Threader-Githttp.listener-10] ERROR - UpdateExecutorClass[SQLException][Data truncation: Data too long for column 'OPERATOR_MOBILE' at row 1][sql=insert into ZMR_OPERATOR(ORG_ID,OPERATOR_CODE,OPERATOR_PASS,OPERATOR_PASS_SALT,OPERATOR_STATUS,OPERATOR_TYPE,OPERATOR_NAME,OPERATOR_AVATAR,OPERATOR_DEPT,OPERATOR_DEPT_ALL,OPERATOR_ROLE,OPERATOR_MOBILE,OPERATOR_EMAIL,OPERATOR_SKIN,OPERATOR_IP,OPERATOR_URL,OPERATOR_PARAM,OPERATOR_CREATED,OPERATOR_MODIFIED) values (?,?,?,?,?,?,?,?,?,?,?,?,?,?,?,?,?,?,?)]
com.mysql.jdbc.MysqlDataTruncation: Data truncation: Data too long for column 'OPERATOR_MOBILE' at row 1
	at com.mysql.jdbc.MysqlIO.checkErrorPacket(MysqlIO.java:3204)
	at com.mysql.jdbc.MysqlIO.sendCommand(MysqlIO.java:1792)
	at com.mysql.jdbc.MysqlIO.sqlQueryDirect(MysqlIO.java:1888)
	at com.mysql.jdbc.Connection.execSQL(Connection.java:3903)
	at com.mysql.jdbc.PreparedStatement.executeInternal(PreparedStatement.java:1448)
	at com.mysql.jdbc.PreparedStatement.executeUpdate(PreparedStatement.java:1731)
	at com.mysql.jdbc.PreparedStatement.executeUpdate(PreparedStatement.java:1652)
	at com.mysql.jdbc.PreparedStatement.executeUpdate(PreparedStatement.java:1636)
	at org.zhiqim.orm.executor.UpdateExecutorClass.execute(UpdateExecutorClass.java:108)
	at org.zhiqim.orm.ZSQLImplement.executeUpdate(ZSQLImplement.java:380)
	at org.zhiqim.orm.ZTableImplement.insert(ZTableImplement.java:447)
	at org.zhiqim.orm.ZTableImplement.insert(ZTableImplement.java:392)
	at org.zhiqim.manager.action.OperatorAction.add(OperatorAction.java:158)
	at org.zhiqim.httpd.context.extend.StdSwitchAction.execute(StdSwitchAction.java:70)
	at org.zhiqim.httpd.context.ZmlExecutor.handleAction(ZmlExecutor.java:226)
	at org.zhiqim.httpd.context.ZmlExecutor.handle(ZmlExecutor.java:99)
	at org.zhiqim.httpd.HttpHeaderAbs.execute(HttpHeaderAbs.java:329)
	at org.zhiqim.httpd.nio.HttpNioConnection.execute(HttpNioConnection.java:180)
	at org.zhiqim.httpd.nio.HttpNioConnection.run(HttpNioConnection.java:163)
	at org.zhiqim.kernel.control.Threader.run(Threader.java:117)
	at java.lang.Thread.run(Thread.java:745)
2019-10-08 11:04:52,373 [Threader-Githttp.listener-10] ERROR - UpdateExecutorClass[SQLException][Data truncation: Data too long for column 'OPERATOR_MOBILE' at row 1][sql=insert into ZMR_OPERATOR(ORG_ID,OPERATOR_CODE,OPERATOR_PASS,OPERATOR_PASS_SALT,OPERATOR_STATUS,OPERATOR_TYPE,OPERATOR_NAME,OPERATOR_AVATAR,OPERATOR_DEPT,OPERATOR_DEPT_ALL,OPERATOR_ROLE,OPERATOR_MOBILE,OPERATOR_EMAIL,OPERATOR_SKIN,OPERATOR_IP,OPERATOR_URL,OPERATOR_PARAM,OPERATOR_CREATED,OPERATOR_MODIFIED) values (?,?,?,?,?,?,?,?,?,?,?,?,?,?,?,?,?,?,?)]
com.mysql.jdbc.MysqlDataTruncation: Data truncation: Data too long for column 'OPERATOR_MOBILE' at row 1
	at com.mysql.jdbc.MysqlIO.checkErrorPacket(MysqlIO.java:3204)
	at com.mysql.jdbc.MysqlIO.sendCommand(MysqlIO.java:1792)
	at com.mysql.jdbc.MysqlIO.sqlQueryDirect(MysqlIO.java:1888)
	at com.mysql.jdbc.Connection.execSQL(Connection.java:3903)
	at com.mysql.jdbc.PreparedStatement.executeInternal(PreparedStatement.java:1448)
	at com.mysql.jdbc.PreparedStatement.executeUpdate(PreparedStatement.java:1731)
	at com.mysql.jdbc.PreparedStatement.executeUpdate(PreparedStatement.java:1652)
	at com.mysql.jdbc.PreparedStatement.executeUpdate(PreparedStatement.java:1636)
	at org.zhiqim.orm.executor.UpdateExecutorClass.execute(UpdateExecutorClass.java:108)
	at org.zhiqim.orm.ZSQLImplement.executeUpdate(ZSQLImplement.java:380)
	at org.zhiqim.orm.ZTableImplement.insert(ZTableImplement.java:447)
	at org.zhiqim.orm.ZTableImplement.insert(ZTableImplement.java:392)
	at org.zhiqim.manager.action.OperatorAction.add(OperatorAction.java:158)
	at org.zhiqim.httpd.context.extend.StdSwitchAction.execute(StdSwitchAction.java:70)
	at org.zhiqim.httpd.context.ZmlExecutor.handleAction(ZmlExecutor.java:226)
	at org.zhiqim.httpd.context.ZmlExecutor.handle(ZmlExecutor.java:99)
	at org.zhiqim.httpd.HttpHeaderAbs.execute(HttpHeaderAbs.java:329)
	at org.zhiqim.httpd.nio.HttpNioConnection.execute(HttpNioConnection.java:180)
	at org.zhiqim.httpd.nio.HttpNioConnection.run(HttpNioConnection.java:163)
	at org.zhiqim.kernel.control.Threader.run(Threader.java:117)
	at java.lang.Thread.run(Thread.java:745)
2019-10-08 11:04:53,820 [Threader-Githttp.listener-10] ERROR - UpdateExecutorClass[SQLException][Data truncation: Data too long for column 'OPERATOR_MOBILE' at row 1][sql=insert into ZMR_OPERATOR(ORG_ID,OPERATOR_CODE,OPERATOR_PASS,OPERATOR_PASS_SALT,OPERATOR_STATUS,OPERATOR_TYPE,OPERATOR_NAME,OPERATOR_AVATAR,OPERATOR_DEPT,OPERATOR_DEPT_ALL,OPERATOR_ROLE,OPERATOR_MOBILE,OPERATOR_EMAIL,OPERATOR_SKIN,OPERATOR_IP,OPERATOR_URL,OPERATOR_PARAM,OPERATOR_CREATED,OPERATOR_MODIFIED) values (?,?,?,?,?,?,?,?,?,?,?,?,?,?,?,?,?,?,?)]
com.mysql.jdbc.MysqlDataTruncation: Data truncation: Data too long for column 'OPERATOR_MOBILE' at row 1
	at com.mysql.jdbc.MysqlIO.checkErrorPacket(MysqlIO.java:3204)
	at com.mysql.jdbc.MysqlIO.sendCommand(MysqlIO.java:1792)
	at com.mysql.jdbc.MysqlIO.sqlQueryDirect(MysqlIO.java:1888)
	at com.mysql.jdbc.Connection.execSQL(Connection.java:3903)
	at com.mysql.jdbc.PreparedStatement.executeInternal(PreparedStatement.java:1448)
	at com.mysql.jdbc.PreparedStatement.executeUpdate(PreparedStatement.java:1731)
	at com.mysql.jdbc.PreparedStatement.executeUpdate(PreparedStatement.java:1652)
	at com.mysql.jdbc.PreparedStatement.executeUpdate(PreparedStatement.java:1636)
	at org.zhiqim.orm.executor.UpdateExecutorClass.execute(UpdateExecutorClass.java:108)
	at org.zhiqim.orm.ZSQLImplement.executeUpdate(ZSQLImplement.java:380)
	at org.zhiqim.orm.ZTableImplement.insert(ZTableImplement.java:447)
	at org.zhiqim.orm.ZTableImplement.insert(ZTableImplement.java:392)
	at org.zhiqim.manager.action.OperatorAction.add(OperatorAction.java:158)
	at org.zhiqim.httpd.context.extend.StdSwitchAction.execute(StdSwitchAction.java:70)
	at org.zhiqim.httpd.context.ZmlExecutor.handleAction(ZmlExecutor.java:226)
	at org.zhiqim.httpd.context.ZmlExecutor.handle(ZmlExecutor.java:99)
	at org.zhiqim.httpd.HttpHeaderAbs.execute(HttpHeaderAbs.java:329)
	at org.zhiqim.httpd.nio.HttpNioConnection.execute(HttpNioConnection.java:180)
	at org.zhiqim.httpd.nio.HttpNioConnection.run(HttpNioConnection.java:163)
	at org.zhiqim.kernel.control.Threader.run(Threader.java:117)
	at java.lang.Thread.run(Thread.java:745)
2019-10-08 11:09:27,992 [Threader-Githttp.listener-8] ERROR - UpdateExecutorClass[SQLException][Data truncation: Data too long for column 'OPERATOR_MOBILE' at row 1][sql=insert into ZMR_OPERATOR(ORG_ID,OPERATOR_CODE,OPERATOR_PASS,OPERATOR_PASS_SALT,OPERATOR_STATUS,OPERATOR_TYPE,OPERATOR_NAME,OPERATOR_AVATAR,OPERATOR_DEPT,OPERATOR_DEPT_ALL,OPERATOR_ROLE,OPERATOR_MOBILE,OPERATOR_EMAIL,OPERATOR_SKIN,OPERATOR_IP,OPERATOR_URL,OPERATOR_PARAM,OPERATOR_CREATED,OPERATOR_MODIFIED) values (?,?,?,?,?,?,?,?,?,?,?,?,?,?,?,?,?,?,?)]
com.mysql.jdbc.MysqlDataTruncation: Data truncation: Data too long for column 'OPERATOR_MOBILE' at row 1
	at com.mysql.jdbc.MysqlIO.checkErrorPacket(MysqlIO.java:3204)
	at com.mysql.jdbc.MysqlIO.sendCommand(MysqlIO.java:1792)
	at com.mysql.jdbc.MysqlIO.sqlQueryDirect(MysqlIO.java:1888)
	at com.mysql.jdbc.Connection.execSQL(Connection.java:3903)
	at com.mysql.jdbc.PreparedStatement.executeInternal(PreparedStatement.java:1448)
	at com.mysql.jdbc.PreparedStatement.executeUpdate(PreparedStatement.java:1731)
	at com.mysql.jdbc.PreparedStatement.executeUpdate(PreparedStatement.java:1652)
	at com.mysql.jdbc.PreparedStatement.executeUpdate(PreparedStatement.java:1636)
	at org.zhiqim.orm.executor.UpdateExecutorClass.execute(UpdateExecutorClass.java:108)
	at org.zhiqim.orm.ZSQLImplement.executeUpdate(ZSQLImplement.java:380)
	at org.zhiqim.orm.ZTableImplement.insert(ZTableImplement.java:447)
	at org.zhiqim.orm.ZTableImplement.insert(ZTableImplement.java:392)
	at org.zhiqim.manager.action.OperatorAction.add(OperatorAction.java:158)
	at org.zhiqim.httpd.context.extend.StdSwitchAction.execute(StdSwitchAction.java:70)
	at org.zhiqim.httpd.context.ZmlExecutor.handleAction(ZmlExecutor.java:226)
	at org.zhiqim.httpd.context.ZmlExecutor.handle(ZmlExecutor.java:99)
	at org.zhiqim.httpd.HttpHeaderAbs.execute(HttpHeaderAbs.java:329)
	at org.zhiqim.httpd.nio.HttpNioConnection.execute(HttpNioConnection.java:180)
	at org.zhiqim.httpd.nio.HttpNioConnection.run(HttpNioConnection.java:163)
	at org.zhiqim.kernel.control.Threader.run(Threader.java:117)
	at java.lang.Thread.run(Thread.java:745)
2019-10-08 11:09:28,599 [Threader-Githttp.listener-8] ERROR - UpdateExecutorClass[SQLException][Data truncation: Data too long for column 'OPERATOR_MOBILE' at row 1][sql=insert into ZMR_OPERATOR(ORG_ID,OPERATOR_CODE,OPERATOR_PASS,OPERATOR_PASS_SALT,OPERATOR_STATUS,OPERATOR_TYPE,OPERATOR_NAME,OPERATOR_AVATAR,OPERATOR_DEPT,OPERATOR_DEPT_ALL,OPERATOR_ROLE,OPERATOR_MOBILE,OPERATOR_EMAIL,OPERATOR_SKIN,OPERATOR_IP,OPERATOR_URL,OPERATOR_PARAM,OPERATOR_CREATED,OPERATOR_MODIFIED) values (?,?,?,?,?,?,?,?,?,?,?,?,?,?,?,?,?,?,?)]
com.mysql.jdbc.MysqlDataTruncation: Data truncation: Data too long for column 'OPERATOR_MOBILE' at row 1
	at com.mysql.jdbc.MysqlIO.checkErrorPacket(MysqlIO.java:3204)
	at com.mysql.jdbc.MysqlIO.sendCommand(MysqlIO.java:1792)
	at com.mysql.jdbc.MysqlIO.sqlQueryDirect(MysqlIO.java:1888)
	at com.mysql.jdbc.Connection.execSQL(Connection.java:3903)
	at com.mysql.jdbc.PreparedStatement.executeInternal(PreparedStatement.java:1448)
	at com.mysql.jdbc.PreparedStatement.executeUpdate(PreparedStatement.java:1731)
	at com.mysql.jdbc.PreparedStatement.executeUpdate(PreparedStatement.java:1652)
	at com.mysql.jdbc.PreparedStatement.executeUpdate(PreparedStatement.java:1636)
	at org.zhiqim.orm.executor.UpdateExecutorClass.execute(UpdateExecutorClass.java:108)
	at org.zhiqim.orm.ZSQLImplement.executeUpdate(ZSQLImplement.java:380)
	at org.zhiqim.orm.ZTableImplement.insert(ZTableImplement.java:447)
	at org.zhiqim.orm.ZTableImplement.insert(ZTableImplement.java:392)
	at org.zhiqim.manager.action.OperatorAction.add(OperatorAction.java:158)
	at org.zhiqim.httpd.context.extend.StdSwitchAction.execute(StdSwitchAction.java:70)
	at org.zhiqim.httpd.context.ZmlExecutor.handleAction(ZmlExecutor.java:226)
	at org.zhiqim.httpd.context.ZmlExecutor.handle(ZmlExecutor.java:99)
	at org.zhiqim.httpd.HttpHeaderAbs.execute(HttpHeaderAbs.java:329)
	at org.zhiqim.httpd.nio.HttpNioConnection.execute(HttpNioConnection.java:180)
	at org.zhiqim.httpd.nio.HttpNioConnection.run(HttpNioConnection.java:163)
	at org.zhiqim.kernel.control.Threader.run(Threader.java:117)
	at java.lang.Thread.run(Thread.java:745)
2019-10-08 11:09:30,778 [Threader-Githttp.listener-8] ERROR - UpdateExecutorClass[SQLException][Data truncation: Data too long for column 'OPERATOR_MOBILE' at row 1][sql=insert into ZMR_OPERATOR(ORG_ID,OPERATOR_CODE,OPERATOR_PASS,OPERATOR_PASS_SALT,OPERATOR_STATUS,OPERATOR_TYPE,OPERATOR_NAME,OPERATOR_AVATAR,OPERATOR_DEPT,OPERATOR_DEPT_ALL,OPERATOR_ROLE,OPERATOR_MOBILE,OPERATOR_EMAIL,OPERATOR_SKIN,OPERATOR_IP,OPERATOR_URL,OPERATOR_PARAM,OPERATOR_CREATED,OPERATOR_MODIFIED) values (?,?,?,?,?,?,?,?,?,?,?,?,?,?,?,?,?,?,?)]
com.mysql.jdbc.MysqlDataTruncation: Data truncation: Data too long for column 'OPERATOR_MOBILE' at row 1
	at com.mysql.jdbc.MysqlIO.checkErrorPacket(MysqlIO.java:3204)
	at com.mysql.jdbc.MysqlIO.sendCommand(MysqlIO.java:1792)
	at com.mysql.jdbc.MysqlIO.sqlQueryDirect(MysqlIO.java:1888)
	at com.mysql.jdbc.Connection.execSQL(Connection.java:3903)
	at com.mysql.jdbc.PreparedStatement.executeInternal(PreparedStatement.java:1448)
	at com.mysql.jdbc.PreparedStatement.executeUpdate(PreparedStatement.java:1731)
	at com.mysql.jdbc.PreparedStatement.executeUpdate(PreparedStatement.java:1652)
	at com.mysql.jdbc.PreparedStatement.executeUpdate(PreparedStatement.java:1636)
	at org.zhiqim.orm.executor.UpdateExecutorClass.execute(UpdateExecutorClass.java:108)
	at org.zhiqim.orm.ZSQLImplement.executeUpdate(ZSQLImplement.java:380)
	at org.zhiqim.orm.ZTableImplement.insert(ZTableImplement.java:447)
	at org.zhiqim.orm.ZTableImplement.insert(ZTableImplement.java:392)
	at org.zhiqim.manager.action.OperatorAction.add(OperatorAction.java:158)
	at org.zhiqim.httpd.context.extend.StdSwitchAction.execute(StdSwitchAction.java:70)
	at org.zhiqim.httpd.context.ZmlExecutor.handleAction(ZmlExecutor.java:226)
	at org.zhiqim.httpd.context.ZmlExecutor.handle(ZmlExecutor.java:99)
	at org.zhiqim.httpd.HttpHeaderAbs.execute(HttpHeaderAbs.java:329)
	at org.zhiqim.httpd.nio.HttpNioConnection.execute(HttpNioConnection.java:180)
	at org.zhiqim.httpd.nio.HttpNioConnection.run(HttpNioConnection.java:163)
	at org.zhiqim.kernel.control.Threader.run(Threader.java:117)
	at java.lang.Thread.run(Thread.java:745)
2019-10-08 13:57:39,321 [Threader-Githttp.listener-7] ERROR - USER:cnki IP:0:0:0:0:0:0:0:1 URI:/manager/dept.htm 失败信息:[TreeBuilder.newTree(第61行)]树型对象要求列表不能为空
java.lang.IllegalArgumentException: [TreeBuilder.newTree(第61行)]树型对象要求列表不能为空
	at org.zhiqim.kernel.util.Asserts.as(Asserts.java:52)
	at org.zhiqim.kernel.tree.TreeBuilder.newTree(TreeBuilder.java:61)
	at org.zhiqim.manager.dao.ZmrDeptDao.getOrgDeptTree(ZmrDeptDao.java:67)
	at org.zhiqim.manager.action.DeptAction.list(DeptAction.java:64)
	at org.zhiqim.httpd.context.extend.StdSwitchAction.execute(StdSwitchAction.java:120)
	at org.zhiqim.httpd.context.ZmlExecutor.handleAction(ZmlExecutor.java:226)
	at org.zhiqim.httpd.context.ZmlExecutor.handle(ZmlExecutor.java:99)
	at org.zhiqim.httpd.HttpHeaderAbs.execute(HttpHeaderAbs.java:329)
	at org.zhiqim.httpd.nio.HttpNioConnection.execute(HttpNioConnection.java:180)
	at org.zhiqim.httpd.nio.HttpNioConnection.run(HttpNioConnection.java:163)
	at org.zhiqim.kernel.control.Threader.run(Threader.java:117)
	at java.lang.Thread.run(Thread.java:745)
2019-10-08 13:57:44,074 [Threader-Githttp.listener-6] ERROR - USER:cnki IP:0:0:0:0:0:0:0:1 URI:/manager/dept.htm 失败信息:[TreeBuilder.newTree(第61行)]树型对象要求列表不能为空
java.lang.IllegalArgumentException: [TreeBuilder.newTree(第61行)]树型对象要求列表不能为空
	at org.zhiqim.kernel.util.Asserts.as(Asserts.java:52)
	at org.zhiqim.kernel.tree.TreeBuilder.newTree(TreeBuilder.java:61)
	at org.zhiqim.manager.dao.ZmrDeptDao.getOrgDeptTree(ZmrDeptDao.java:67)
	at org.zhiqim.manager.action.DeptAction.list(DeptAction.java:64)
	at org.zhiqim.httpd.context.extend.StdSwitchAction.execute(StdSwitchAction.java:120)
	at org.zhiqim.httpd.context.ZmlExecutor.handleAction(ZmlExecutor.java:226)
	at org.zhiqim.httpd.context.ZmlExecutor.handle(ZmlExecutor.java:99)
	at org.zhiqim.httpd.HttpHeaderAbs.execute(HttpHeaderAbs.java:329)
	at org.zhiqim.httpd.nio.HttpNioConnection.execute(HttpNioConnection.java:180)
	at org.zhiqim.httpd.nio.HttpNioConnection.run(HttpNioConnection.java:163)
	at org.zhiqim.kernel.control.Threader.run(Threader.java:117)
	at java.lang.Thread.run(Thread.java:745)
2019-10-08 14:24:13,471 [Threader-Githttp.listener-1] ERROR - UpdateExecutorClass[SQLException][Column 'DEPT_PARENT_ALL' cannot be null][sql=insert into ZMR_DEPT(ORG_ID,PARENT_ID,DEPT_ID,DEPT_NAME,DEPT_LEVEL,DEPT_STATUS,DEPT_SEQ,DEPT_PARENT_ALL,DEPT_MANAGER,DEPT_DESC) values (?,?,?,?,?,?,?,?,?,?)]
com.mysql.jdbc.exceptions.MySQLIntegrityConstraintViolationException: Column 'DEPT_PARENT_ALL' cannot be null
	at com.mysql.jdbc.SQLError.createSQLException(SQLError.java:786)
	at com.mysql.jdbc.MysqlIO.checkErrorPacket(MysqlIO.java:3208)
	at com.mysql.jdbc.MysqlIO.sendCommand(MysqlIO.java:1792)
	at com.mysql.jdbc.MysqlIO.sqlQueryDirect(MysqlIO.java:1888)
	at com.mysql.jdbc.Connection.execSQL(Connection.java:3903)
	at com.mysql.jdbc.PreparedStatement.executeInternal(PreparedStatement.java:1448)
	at com.mysql.jdbc.PreparedStatement.executeUpdate(PreparedStatement.java:1731)
	at com.mysql.jdbc.PreparedStatement.executeUpdate(PreparedStatement.java:1652)
	at com.mysql.jdbc.PreparedStatement.executeUpdate(PreparedStatement.java:1636)
	at org.zhiqim.orm.executor.UpdateExecutorClass.execute(UpdateExecutorClass.java:108)
	at org.zhiqim.orm.ZSQLImplement.executeUpdate(ZSQLImplement.java:380)
	at org.zhiqim.orm.ZTableImplement.insert(ZTableImplement.java:447)
	at org.zhiqim.orm.ZTableImplement.insert(ZTableImplement.java:392)
	at org.zhiqim.manager.action.OperatorAction.add(OperatorAction.java:155)
	at org.zhiqim.httpd.context.extend.StdSwitchAction.execute(StdSwitchAction.java:70)
	at org.zhiqim.httpd.context.ZmlExecutor.handleAction(ZmlExecutor.java:226)
	at org.zhiqim.httpd.context.ZmlExecutor.handle(ZmlExecutor.java:99)
	at org.zhiqim.httpd.HttpHeaderAbs.execute(HttpHeaderAbs.java:329)
	at org.zhiqim.httpd.nio.HttpNioConnection.execute(HttpNioConnection.java:180)
	at org.zhiqim.httpd.nio.HttpNioConnection.run(HttpNioConnection.java:163)
	at org.zhiqim.kernel.control.Threader.run(Threader.java:117)
	at java.lang.Thread.run(Thread.java:745)
